app/build/outputs/logs/manifest-merger-debug-report.txt
-- Merging decision tree log ---
manifest
ADDED from src\main\AndroidManifest.xml:2:1-31:12
INJECTED from src\main\AndroidManifest.xml:2:1-31:12
INJECTED from src\main\AndroidManifest.xml:2:1-31:12
INJECTED from src\main\AndroidManifest.xml:2:1-31:12
MERGED from [com.twitter.sdk.android:twitter:3.2.0] AndroidManifest.xml:18:1-27:12
MERGED from [io.reactivex.rxjava2:rxandroid:2.0.1] AndroidManifest.xml:15:1-21:12
MERGED from [com.tbruyelle.rxpermissions2:rxpermissions:0.9.5] AndroidManifest.xml:2:1-13:12
MERGED from [com.twitter.sdk.android:tweet-ui:3.2.0] AndroidManifest.xml:18:1-37:12
MERGED from [com.twitter.sdk.android:tweet-composer:3.2.0] AndroidManifest.xml:18:1-39:12
MERGED from [com.twitter.sdk.android:twitter-core:3.2.0] AndroidManifest.xml:18:1-35:12
MERGED from [com.jakewharton:butterknife:8.8.1] AndroidManifest.xml:2:1-7:12
MERGED from [com.android.support:cardview-v7:27.1.0] AndroidManifest.xml:17:1-22:12
MERGED from [com.android.support:design:27.1.0] AndroidManifest.xml:17:1-22:12
MERGED from [com.android.support:recyclerview-v7:27.1.0] AndroidManifest.xml:17:1-22:12
MERGED from [com.android.support:multidex:1.0.3] AndroidManifest.xml:17:1-22:12
MERGED from [de.hdodenhof:circleimageview:2.1.0] AndroidManifest.xml:2:1-11:12
MERGED from [org.afinal.simplecache:a-simple-cache:1.0] AndroidManifest.xml:2:1-17:12
MERGED from [com.github.stfalcon:frescoimageviewer:0.5.0] AndroidManifest.xml:2:1-12:12
MERGED from [com.android.support:appcompat-v7:27.1.0] AndroidManifest.xml:17:1-22:12
MERGED from [com.android.support.constraint:constraint-layout:1.0.2] AndroidManifest.xml:2:1-11:12
MERGED from [com.facebook.fresco:fresco:1.8.1] AndroidManifest.xml:2:1-9:12
MERGED from [com.android.support:transition:27.1.0] AndroidManifest.xml:17:1-22:12
MERGED from [com.android.support:support-v4:27.1.0] AndroidManifest.xml:17:1-22:12
MERGED from [com.android.support:support-media-compat:27.1.0] AndroidManifest.xml:17:1-22:12
MERGED from [com.android.support:support-fragment:27.1.0] AndroidManifest.xml:17:1-22:12
MERGED from [com.android.support:animated-vector-drawable:27.1.0] AndroidManifest.xml:17:1-22:12
MERGED from [com.android.support:support-core-ui:27.1.0] AndroidManifest.xml:17:1-22:12
MERGED from [com.android.support:support-core-utils:27.1.0] AndroidManifest.xml:17:1-22:12
MERGED from [com.android.support:support-vector-drawable:27.1.0] AndroidManifest.xml:17:1-22:12
MERGED from [com.android.support:support-compat:27.1.0] AndroidManifest.xml:17:1-22:12
MERGED from [me.relex:photodraweeview:1.1.0] AndroidManifest.xml:2:1-10:12
MERGED from [com.facebook.fresco:drawee:1.8.1] AndroidManifest.xml:2:1-9:12
MERGED from [com.facebook.fresco:imagepipeline:1.8.1] AndroidManifest.xml:2:1-9:12
MERGED from [com.facebook.fresco:imagepipeline-base:1.8.1] AndroidManifest.xml:2:1-9:12
MERGED from [com.facebook.fresco:fbcore:1.8.1] AndroidManifest.xml:2:1-9:12
MERGED from [com.facebook.soloader:soloader:0.3.0] AndroidManifest.xml:2:1-13:12
MERGED from [android.arch.lifecycle:livedata-core:1.1.0] AndroidManifest.xml:17:1-22:12
MERGED from [android.arch.lifecycle:viewmodel:1.1.0] AndroidManifest.xml:17:1-22:12
MERGED from [android.arch.lifecycle:runtime:1.1.0] AndroidManifest.xml:17:1-22:12
MERGED from [android.arch.core:runtime:1.1.0] AndroidManifest.xml:17:1-22:12
INJECTED from src\main\AndroidManifest.xml:2:1-31:12
INJECTED from src\main\AndroidManifest.xml:2:1-31:12
INJECTED from src\main\AndroidManifest.xml:2:1-31:12
	package
		ADDED from src\main\AndroidManifest.xml:3:5-41
		INJECTED from src\main\AndroidManifest.xml
		INJECTED from src\main\AndroidManifest.xml
	android:versionName
		INJECTED from src\main\AndroidManifest.xml
		ADDED from src\main\AndroidManifest.xml:2:1-31:12
		INJECTED from src\main\AndroidManifest.xml
	android:versionCode
		INJECTED from src\main\AndroidManifest.xml
		ADDED from src\main\AndroidManifest.xml:2:1-31:12
		INJECTED from src\main\AndroidManifest.xml
	xmlns:android
		ADDED from src\main\AndroidManifest.xml:2:11-69
uses-permission#android.permission.ACCESS_NETWORK_STATE
ADDED from src\main\AndroidManifest.xml:5:5-79
	android:name
		ADDED from src\main\AndroidManifest.xml:5:22-76
uses-permission#android.permission.INTERNET
ADDED from src\main\AndroidManifest.xml:6:5-67
MERGED from [com.twitter.sdk.android:tweet-ui:3.2.0] AndroidManifest.xml:25:5-67
MERGED from [com.twitter.sdk.android:tweet-ui:3.2.0] AndroidManifest.xml:25:5-67
MERGED from [com.twitter.sdk.android:tweet-composer:3.2.0] AndroidManifest.xml:25:5-67
MERGED from [com.twitter.sdk.android:tweet-composer:3.2.0] AndroidManifest.xml:25:5-67
MERGED from [com.twitter.sdk.android:twitter-core:3.2.0] AndroidManifest.xml:25:5-67
MERGED from [com.twitter.sdk.android:twitter-core:3.2.0] AndroidManifest.xml:25:5-67
	android:name
		ADDED from src\main\AndroidManifest.xml:6:22-64
application
ADDED from src\main\AndroidManifest.xml:8:5-29:19
MERGED from [com.twitter.sdk.android:twitter:3.2.0] AndroidManifest.xml:25:5-20
MERGED from [com.twitter.sdk.android:twitter:3.2.0] AndroidManifest.xml:25:5-20
MERGED from [com.tbruyelle.rxpermissions2:rxpermissions:0.9.5] AndroidManifest.xml:11:5-20
MERGED from [com.tbruyelle.rxpermissions2:rxpermissions:0.9.5] AndroidManifest.xml:11:5-20
MERGED from [com.twitter.sdk.android:tweet-ui:3.2.0] AndroidManifest.xml:27:5-35:19
MERGED from [com.twitter.sdk.android:tweet-ui:3.2.0] AndroidManifest.xml:27:5-35:19
MERGED from [com.twitter.sdk.android:tweet-composer:3.2.0] AndroidManifest.xml:27:5-37:19
MERGED from [com.twitter.sdk.android:tweet-composer:3.2.0] AndroidManifest.xml:27:5-37:19
MERGED from [com.twitter.sdk.android:twitter-core:3.2.0] AndroidManifest.xml:27:5-33:19
MERGED from [com.twitter.sdk.android:twitter-core:3.2.0] AndroidManifest.xml:27:5-33:19
MERGED from [de.hdodenhof:circleimageview:2.1.0] AndroidManifest.xml:9:5-20
MERGED from [de.hdodenhof:circleimageview:2.1.0] AndroidManifest.xml:9:5-20
MERGED from [org.afinal.simplecache:a-simple-cache:1.0] AndroidManifest.xml:11:5-15:19
MERGED from [org.afinal.simplecache:a-simple-cache:1.0] AndroidManifest.xml:11:5-15:19
MERGED from [com.android.support.constraint:constraint-layout:1.0.2] AndroidManifest.xml:9:5-20
MERGED from [com.android.support.constraint:constraint-layout:1.0.2] AndroidManifest.xml:9:5-20
MERGED from [com.facebook.soloader:soloader:0.3.0] AndroidManifest.xml:11:5-20
MERGED from [com.facebook.soloader:soloader:0.3.0] AndroidManifest.xml:11:5-20
	android:supportsRtl
		ADDED from src\main\AndroidManifest.xml:14:9-35
	android:label
		ADDED from src\main\AndroidManifest.xml:12:9-41
	android:roundIcon
		ADDED from src\main\AndroidManifest.xml:13:9-54
	android:icon
		ADDED from src\main\AndroidManifest.xml:11:9-43
	android:allowBackup
		ADDED from src\main\AndroidManifest.xml:10:9-35
	android:theme
		ADDED from src\main\AndroidManifest.xml:15:9-40
	android:name
		ADDED from src\main\AndroidManifest.xml:9:9-54
activity#dev.hussein.intcoretwitter.login.LoginActivity
ADDED from src\main\AndroidManifest.xml:16:9-22:20
	android:name
		ADDED from src\main\AndroidManifest.xml:16:19-54
intent-filter#android.intent.action.MAIN+android.intent.category.LAUNCHER
ADDED from src\main\AndroidManifest.xml:17:13-21:29
action#android.intent.action.MAIN
ADDED from src\main\AndroidManifest.xml:18:17-69
	android:name
		ADDED from src\main\AndroidManifest.xml:18:25-66
category#android.intent.category.LAUNCHER
ADDED from src\main\AndroidManifest.xml:20:17-77
	android:name
		ADDED from src\main\AndroidManifest.xml:20:27-74
activity#dev.hussein.intcoretwitter.followers.FollowersActivity
ADDED from src\main\AndroidManifest.xml:23:9-27:20
	android:hardwareAccelerated
		ADDED from src\main\AndroidManifest.xml:25:13-47
	android:name
		ADDED from src\main\AndroidManifest.xml:24:13-56
activity#dev.hussein.intcoretwitter.follower_info.FollowerInformationActivity
ADDED from src\main\AndroidManifest.xml:28:9-79
	android:name
		ADDED from src\main\AndroidManifest.xml:28:19-76
uses-sdk
INJECTED from src\main\AndroidManifest.xml reason: use-sdk injection requested
INJECTED from src\main\AndroidManifest.xml
INJECTED from src\main\AndroidManifest.xml
MERGED from [com.twitter.sdk.android:twitter:3.2.0] AndroidManifest.xml:23:5-44
MERGED from [com.twitter.sdk.android:twitter:3.2.0] AndroidManifest.xml:23:5-44
MERGED from [io.reactivex.rxjava2:rxandroid:2.0.1] AndroidManifest.xml:19:5-43
MERGED from [io.reactivex.rxjava2:rxandroid:2.0.1] AndroidManifest.xml:19:5-43
MERGED from [com.tbruyelle.rxpermissions2:rxpermissions:0.9.5] AndroidManifest.xml:7:5-9:41
MERGED from [com.tbruyelle.rxpermissions2:rxpermissions:0.9.5] AndroidManifest.xml:7:5-9:41
MERGED from [com.twitter.sdk.android:tweet-ui:3.2.0] AndroidManifest.xml:23:5-44
MERGED from [com.twitter.sdk.android:tweet-ui:3.2.0] AndroidManifest.xml:23:5-44
MERGED from [com.twitter.sdk.android:tweet-composer:3.2.0] AndroidManifest.xml:23:5-44
MERGED from [com.twitter.sdk.android:tweet-composer:3.2.0] AndroidManifest.xml:23:5-44
MERGED from [com.twitter.sdk.android:twitter-core:3.2.0] AndroidManifest.xml:23:5-44
MERGED from [com.twitter.sdk.android:twitter-core:3.2.0] AndroidManifest.xml:23:5-44
MERGED from [com.jakewharton:butterknife:8.8.1] AndroidManifest.xml:5:5-43
MERGED from [com.jakewharton:butterknife:8.8.1] AndroidManifest.xml:5:5-43
MERGED from [com.android.support:cardview-v7:27.1.0] AndroidManifest.xml:20:5-44
MERGED from [com.android.support:cardview-v7:27.1.0] AndroidManifest.xml:20:5-44
MERGED from [com.android.support:design:27.1.0] AndroidManifest.xml:20:5-44
MERGED from [com.android.support:design:27.1.0] AndroidManifest.xml:20:5-44
MERGED from [com.android.support:recyclerview-v7:27.1.0] AndroidManifest.xml:20:5-44
MERGED from [com.android.support:recyclerview-v7:27.1.0] AndroidManifest.xml:20:5-44
MERGED from [com.android.support:multidex:1.0.3] AndroidManifest.xml:20:5-43
MERGED from [com.android.support:multidex:1.0.3] AndroidManifest.xml:20:5-43
MERGED from [de.hdodenhof:circleimageview:2.1.0] AndroidManifest.xml:5:5-7:41
MERGED from [de.hdodenhof:circleimageview:2.1.0] AndroidManifest.xml:5:5-7:41
MERGED from [org.afinal.simplecache:a-simple-cache:1.0] AndroidManifest.xml:7:5-9:41
MERGED from [org.afinal.simplecache:a-simple-cache:1.0] AndroidManifest.xml:7:5-9:41
MERGED from [com.github.stfalcon:frescoimageviewer:0.5.0] AndroidManifest.xml:8:5-10:41
MERGED from [com.github.stfalcon:frescoimageviewer:0.5.0] AndroidManifest.xml:8:5-10:41
MERGED from [com.android.support:appcompat-v7:27.1.0] AndroidManifest.xml:20:5-44
MERGED from [com.android.support:appcompat-v7:27.1.0] AndroidManifest.xml:20:5-44
MERGED from [com.android.support.constraint:constraint-layout:1.0.2] AndroidManifest.xml:5:5-7:41
MERGED from [com.android.support.constraint:constraint-layout:1.0.2] AndroidManifest.xml:5:5-7:41
MERGED from [com.facebook.fresco:fresco:1.8.1] AndroidManifest.xml:5:5-7:41
MERGED from [com.facebook.fresco:fresco:1.8.1] AndroidManifest.xml:5:5-7:41
MERGED from [com.android.support:transition:27.1.0] AndroidManifest.xml:20:5-44
MERGED from [com.android.support:transition:27.1.0] AndroidManifest.xml:20:5-44
MERGED from [com.android.support:support-v4:27.1.0] AndroidManifest.xml:20:5-44
MERGED from [com.android.support:support-v4:27.1.0] AndroidManifest.xml:20:5-44
MERGED from [com.android.support:support-media-compat:27.1.0] AndroidManifest.xml:20:5-44
MERGED from [com.android.support:support-media-compat:27.1.0] AndroidManifest.xml:20:5-44
MERGED from [com.android.support:support-fragment:27.1.0] AndroidManifest.xml:20:5-44
MERGED from [com.android.support:support-fragment:27.1.0] AndroidManifest.xml:20:5-44
MERGED from [com.android.support:animated-vector-drawable:27.1.0] AndroidManifest.xml:20:5-44
MERGED from [com.android.support:animated-vector-drawable:27.1.0] AndroidManifest.xml:20:5-44
MERGED from [com.android.support:support-core-ui:27.1.0] AndroidManifest.xml:20:5-44
MERGED from [com.android.support:support-core-ui:27.1.0] AndroidManifest.xml:20:5-44
MERGED from [com.android.support:support-core-utils:27.1.0] AndroidManifest.xml:20:5-44
MERGED from [com.android.support:support-core-utils:27.1.0] AndroidManifest.xml:20:5-44
MERGED from [com.android.support:support-vector-drawable:27.1.0] AndroidManifest.xml:20:5-44
MERGED from [com.android.support:support-vector-drawable:27.1.0] AndroidManifest.xml:20:5-44
MERGED from [com.android.support:support-compat:27.1.0] AndroidManifest.xml:20:5-44
MERGED from [com.android.support:support-compat:27.1.0] AndroidManifest.xml:20:5-44
MERGED from [me.relex:photodraweeview:1.1.0] AndroidManifest.xml:8:5-44
MERGED from [me.relex:photodraweeview:1.1.0] AndroidManifest.xml:8:5-44
MERGED from [com.facebook.fresco:drawee:1.8.1] AndroidManifest.xml:5:5-7:41
MERGED from [com.facebook.fresco:drawee:1.8.1] AndroidManifest.xml:5:5-7:41
MERGED from [com.facebook.fresco:imagepipeline:1.8.1] AndroidManifest.xml:5:5-7:41
MERGED from [com.facebook.fresco:imagepipeline:1.8.1] AndroidManifest.xml:5:5-7:41
MERGED from [com.facebook.fresco:imagepipeline-base:1.8.1] AndroidManifest.xml:5:5-7:41
MERGED from [com.facebook.fresco:imagepipeline-base:1.8.1] AndroidManifest.xml:5:5-7:41
MERGED from [com.facebook.fresco:fbcore:1.8.1] AndroidManifest.xml:5:5-7:41
MERGED from [com.facebook.fresco:fbcore:1.8.1] AndroidManifest.xml:5:5-7:41
MERGED from [com.facebook.soloader:soloader:0.3.0] AndroidManifest.xml:7:5-9:41
MERGED from [com.facebook.soloader:soloader:0.3.0] AndroidManifest.xml:7:5-9:41
MERGED from [android.arch.lifecycle:livedata-core:1.1.0] AndroidManifest.xml:20:5-44
MERGED from [android.arch.lifecycle:livedata-core:1.1.0] AndroidManifest.xml:20:5-44
MERGED from [android.arch.lifecycle:viewmodel:1.1.0] AndroidManifest.xml:20:5-44
MERGED from [android.arch.lifecycle:viewmodel:1.1.0] AndroidManifest.xml:20:5-44
MERGED from [android.arch.lifecycle:runtime:1.1.0] AndroidManifest.xml:20:5-44
MERGED from [android.arch.lifecycle:runtime:1.1.0] AndroidManifest.xml:20:5-44
MERGED from [android.arch.core:runtime:1.1.0] AndroidManifest.xml:20:5-44
MERGED from [android.arch.core:runtime:1.1.0] AndroidManifest.xml:20:5-44
INJECTED from src\main\AndroidManifest.xml
INJECTED from src\main\AndroidManifest.xml
	android:targetSdkVersion
		INJECTED from src\main\AndroidManifest.xml
		ADDED from src\main\AndroidManifest.xml
		INJECTED from src\main\AndroidManifest.xml
	android:minSdkVersion
		INJECTED from src\main\AndroidManifest.xml
		ADDED from src\main\AndroidManifest.xml
		INJECTED from src\main\AndroidManifest.xml
activity#com.twitter.sdk.android.tweetui.PlayerActivity
ADDED from [com.twitter.sdk.android:tweet-ui:3.2.0] AndroidManifest.xml:28:9-31:49
	android:configChanges
		ADDED from [com.twitter.sdk.android:tweet-ui:3.2.0] AndroidManifest.xml:30:13-74
	android:theme
		ADDED from [com.twitter.sdk.android:tweet-ui:3.2.0] AndroidManifest.xml:31:13-46
	android:name
		ADDED from [com.twitter.sdk.android:tweet-ui:3.2.0] AndroidManifest.xml:29:13-74
activity#com.twitter.sdk.android.tweetui.GalleryActivity
ADDED from [com.twitter.sdk.android:tweet-ui:3.2.0] AndroidManifest.xml:32:9-34:49
	android:theme
		ADDED from [com.twitter.sdk.android:tweet-ui:3.2.0] AndroidManifest.xml:34:13-46
	android:name
		ADDED from [com.twitter.sdk.android:tweet-ui:3.2.0] AndroidManifest.xml:33:13-75
activity#com.twitter.sdk.android.tweetcomposer.ComposerActivity
ADDED from [com.twitter.sdk.android:tweet-composer:3.2.0] AndroidManifest.xml:28:9-31:71
	android:windowSoftInputMode
		ADDED from [com.twitter.sdk.android:tweet-composer:3.2.0] AndroidManifest.xml:31:13-68
	android:exported
		ADDED from [com.twitter.sdk.android:tweet-composer:3.2.0] AndroidManifest.xml:30:13-37
	android:name
		ADDED from [com.twitter.sdk.android:tweet-composer:3.2.0] AndroidManifest.xml:29:13-82
service#com.twitter.sdk.android.tweetcomposer.TweetUploadService
ADDED from [com.twitter.sdk.android:tweet-composer:3.2.0] AndroidManifest.xml:33:9-36:40
	android:enabled
		ADDED from [com.twitter.sdk.android:tweet-composer:3.2.0] AndroidManifest.xml:35:13-35
	android:exported
		ADDED from [com.twitter.sdk.android:tweet-composer:3.2.0] AndroidManifest.xml:36:13-37
	android:name
		ADDED from [com.twitter.sdk.android:tweet-composer:3.2.0] AndroidManifest.xml:34:13-84
activity#com.twitter.sdk.android.core.identity.OAuthActivity
ADDED from [com.twitter.sdk.android:twitter-core:3.2.0] AndroidManifest.xml:28:9-32:40
	android:excludeFromRecents
		ADDED from [com.twitter.sdk.android:twitter-core:3.2.0] AndroidManifest.xml:31:13-46
	android:exported
		ADDED from [com.twitter.sdk.android:twitter-core:3.2.0] AndroidManifest.xml:32:13-37
	android:configChanges
		ADDED from [com.twitter.sdk.android:twitter-core:3.2.0] AndroidManifest.xml:30:13-59
	android:name
		ADDED from [com.twitter.sdk.android:twitter-core:3.2.0] AndroidManifest.xml:29:13-79